<?xml version="1.0" encoding="UTF-8"?>
<!-- Generated by org.testng.reporters.JUnitXMLReporter -->
<testsuite hostname="Vedangs-Mini" ignored="0" name="Automation Framework Test Cases" tests="14" failures="0" timestamp="14 Nov 2019 23:52:42 GMT" time="147.222" errors="0">
  <testcase name="verifyContactPageLinkTest" time="1.53" classname="com.crm.qa.testcases.HomePageTest"/>
  <testcase name="verifyDealsPageLinkTest" time="2.252" classname="com.crm.qa.testcases.HomePageTest"/>
  <testcase name="verifyHomePageNameLabel" time="1.927" classname="com.crm.qa.testcases.HomePageTest"/>
  <testcase name="verifyHomePageTitleTest" time="0.01" classname="com.crm.qa.testcases.HomePageTest"/>
  <testcase name="selectMultiContactsTest" time="0.765" classname="com.crm.qa.testcases.ContactsPageTest"/>
  <testcase name="selectcontactTest" time="1.023" classname="com.crm.qa.testcases.ContactsPageTest"/>
  <testcase name="validateCreateNewContact" time="3.076" classname="com.crm.qa.testcases.ContactsPageTest"/>
  <testcase name="validateCreateNewContact" time="2.343" classname="com.crm.qa.testcases.ContactsPageTest"/>
  <testcase name="validateCreateNewContact" time="2.312" classname="com.crm.qa.testcases.ContactsPageTest"/>
  <testcase name="verifyConatctsPageLabelTest" time="0.103" classname="com.crm.qa.testcases.ContactsPageTest"/>
  <testcase name="verifyDealsPageLableTest" time="0.16" classname="com.crm.qa.testcases.DealsPageTest"/>
  <testcase name="verifySearchbarTest" time="1.066" classname="com.crm.qa.testcases.DealsPageTest"/>
  <testcase name="loginPageTitle" time="0.016" classname="com.crm.qa.testcases.LoginPageTest"/>
  <testcase name="loginTest" time="3.158" classname="com.crm.qa.testcases.LoginPageTest"/>
</testsuite> <!-- Automation Framework Test Cases -->
